<?xml version="1.0" encoding="UTF-8"?>
<testng-results ignored="0" total="1" passed="1" failed="0" skipped="0">
  <reporter-output>
  </reporter-output>
  <suite started-at="2024-11-27T10:51:03 IST" name="Default suite" finished-at="2024-11-27T10:51:15 IST" duration-ms="12363">
    <groups>
    </groups>
    <test started-at="2024-11-27T10:51:03 IST" name="Default test" finished-at="2024-11-27T10:51:15 IST" duration-ms="12363">
      <class name="com.qafox.tests.HomeTest">
        <test-method is-config="true" signature="openBrowser()[pri:0, instance:com.qafox.tests.HomeTest@3918c187]" started-at="2024-11-27T10:51:03 IST" name="openBrowser" finished-at="2024-11-27T10:51:14 IST" duration-ms="11742" status="PASS">
          <reporter-output>
          </reporter-output>
        </test-method> <!-- openBrowser -->
        <test-method signature="test1()[pri:0, instance:com.qafox.tests.HomeTest@3918c187]" started-at="2024-11-27T10:51:14 IST" name="test1" finished-at="2024-11-27T10:51:14 IST" duration-ms="128" status="PASS">
          <reporter-output>
          </reporter-output>
        </test-method> <!-- test1 -->
      </class> <!-- com.qafox.tests.HomeTest -->
    </test> <!-- Default test -->
  </suite> <!-- Default suite -->
</testng-results>
